[2023-11-05 00:14:22,948][WARNING][8676]: start backup threading
[2023-11-05 00:14:22,949][WARNING][8676]: start backup threading
[2023-11-05 00:14:22,950][INFO][8676]: success to start polaris engine
[2023-11-05 00:14:22,962][WARNING][8676]: start timing update job
[2023-11-05 00:14:22,965][WARNING][8676]: start backup threading
[2023-11-05 00:14:22,966][WARNING][8676]: start backup threading
[2023-11-05 00:14:22,966][INFO][8676]: success to start polaris engine
[2023-11-05 00:14:22,967][WARNING][8676]: start circuit break job
[2023-11-05 00:14:22,986][WARNING][8676]: start timing update job
[2023-11-05 00:14:22,998][WARNING][8676]: start od job
[2023-11-05 00:14:23,004][WARNING][8676]: start circuit break job
[2023-11-05 00:14:23,015][WARNING][8676]: start job of client reporting
[2023-11-05 00:14:23,020][WARNING][8676]: start od job
[2023-11-06 23:35:45,871][WARNING][48647]: start backup threading
[2023-11-06 23:35:45,873][WARNING][48647]: start backup threading
[2023-11-06 23:35:45,874][INFO][48647]: success to start polaris engine
[2023-11-06 23:35:45,886][WARNING][48647]: start timing update job
[2023-11-06 23:35:45,890][WARNING][48647]: start backup threading
[2023-11-06 23:35:45,892][WARNING][48647]: start backup threading
[2023-11-06 23:35:45,892][INFO][48647]: success to start polaris engine
[2023-11-06 23:35:45,892][WARNING][48647]: start circuit break job
[2023-11-06 23:35:45,911][WARNING][48647]: start timing update job
[2023-11-06 23:35:45,921][WARNING][48647]: start od job
[2023-11-06 23:35:45,927][WARNING][48647]: start circuit break job
[2023-11-06 23:35:46,006][WARNING][48647]: start job of client reporting
[2023-11-06 23:35:46,020][WARNING][48647]: start od job
